<?xml version="1.0" encoding="UTF-8"?>
<testng-results skipped="0" failed="0" total="1" passed="1">
  <reporter-output>
  </reporter-output>
  <suite name="Surefire suite" duration-ms="6673" started-at="2017-12-30T12:21:14Z" finished-at="2017-12-30T12:21:21Z">
    <groups>
    </groups>
    <test name="Surefire test" duration-ms="6673" started-at="2017-12-30T12:21:14Z" finished-at="2017-12-30T12:21:21Z">
      <class name="com.bloomberg.controller.UploadControllerTest">
        <test-method status="PASS" signature="upload()[pri:0, instance:upload(com.bloomberg.controller.UploadControllerTest)]" name="upload" duration-ms="343" started-at="2017-12-30T17:51:20Z" finished-at="2017-12-30T17:51:21Z">
          <reporter-output>
          </reporter-output>
        </test-method> <!-- upload -->
      </class> <!-- com.bloomberg.controller.UploadControllerTest -->
    </test> <!-- Surefire test -->
  </suite> <!-- Surefire suite -->
</testng-results>
